<?xml version="1.0" encoding="UTF-8"?>
<testsuite xmlns:xsi="http://www.w3.org/2001/XMLSchema-instance" xsi:noNamespaceSchemaLocation="https://maven.apache.org/surefire/maven-failsafe-plugin/xsd/failsafe-test-report-3.0.xsd" version="3.0" name="Login page features" time="138.63" tests="5" errors="0" skipped="0" failures="1">
  <properties>
[...]
</properties>
  <testcase name="To check the page title is displayed correctly" classname="Login page features" time="31.982"/>
  <testcase name="In case the user forgets the password, the user can recall the password using the" classname="Login page features" time="24.333"/>
  <testcase name="To check that the user is able to log into the application using the valid credentials" classname="Login page features" time="30.922">
    <failure type="java.lang.AssertionError">java.lang.AssertionError
</failure>
    <system-out><![CDATA[
Scenario: To check that the user is able to log into the application using the valid credentials &amp#27;[90m# src/test/resources/com/qa/ecom/features/LoginPageFeature.feature:16&amp#27;[0m
Browser Value : firefox
  &amp#27;[32mGiven &amp#27;[0m&amp#27;[32mUser is on login page&amp#27;[0m                                                                    &amp#27;[90m# stepdefinations.LoginPageStepDefination.user_is_on_login_page()&amp#27;[0m
  &amp#27;[32mThen &amp#27;[0m&amp#27;[32mUsername and password fields are displayed&amp#27;[0m                                                &amp#27;[90m# stepdefinations.LoginPageStepDefination.username_and_password_fields_are_displayed()&amp#27;[0m
  &amp#27;[32mWhen &amp#27;[0m&amp#27;[32mUser enter the &amp#27;[0m&amp#27;[32m&amp#27;[1m"TestEcomUser@gmai.com"&amp#27;[0m&amp#27;[32m and &amp#27;[0m&amp#27;[32m&amp#27;[1m"Password001"&amp#27;[0m                                  &amp#27;[90m# stepdefinations.LoginPageStepDefination.user_enter_the_and(java.lang.String,java.lang.String)&amp#27;[0m
  &amp#27;[32mAnd &amp#27;[0m&amp#27;[32mClick on the login button&amp#27;[0m                                                                  &amp#27;[90m# stepdefinations.LoginPageStepDefination.click_on_the_login_button()&amp#27;[0m
  &amp#27;[31mThen &amp#27;[0m&amp#27;[31mTitle of the page is displayed as &amp#27;[0m&amp#27;[31m&amp#27;[1m"My account - My Store"&amp#27;[0m                                 &amp#27;[90m# stepdefinations.LoginPageStepDefination.title_of_the_login_page_is_displayed_as(java.lang.String)&amp#27;[0m
      &amp#27;[31mjava.lang.AssertionError
	at org.junit.Assert.fail(Assert.java:87)
	at org.junit.Assert.assertTrue(Assert.java:42)
	at org.junit.Assert.assertTrue(Assert.java:53)
	at stepdefinations.LoginPageStepDefination.title_of_the_login_page_is_displayed_as(LoginPageStepDefination.java:27)
	at âœ½.Title of the page is displayed as "My account - My Store"(file:///C:/Users/rohan.sharma/eclipse-workspace/CucumberBDDWithPOM/src/test/resources/com/qa/ecom/features/LoginPageFeature.feature:21)
&amp#27;[0m

    Embedding To_check_that_the_user_is_able_to_log_into_the_application_using_the_valid_credentials [image/png 50774 bytes]

]]></system-out>
    <system-err><![CDATA[1609774017726	geckodriver	INFO	Listening on 127.0.0.1:17512
1609774018201	mozrunner::runner	INFO	Running command: "C:\\Program Files\\Mozilla Firefox\\firefox.exe" "--marionette" "-foreground" "-no-remote" "-profile" "C:\\Users\\ROHAN~1.SHA\\AppData\\Local\\Temp\\rust_mozprofileZoThVM"
Can't find symbol 'eglSwapBuffersWithDamageEXT'.
Can't find symbol 'eglSetDamageRegionKHR'.
console.warn: SearchSettings: "get: No settings file exists, new profile?" (new Error("", "(unknown module)"))
1609774021774	Marionette	INFO	Listening on port 58253
1609774021840	Marionette	WARN	TLS certificate errors will be ignored for this session
Jan 04, 2021 8:57:01 PM org.openqa.selenium.remote.ProtocolHandshake createSession
INFO: Detected dialect: W3C
1609774047416	Marionette	INFO	Stopped listening on port 58253

###!!! [Child][RunMessage] Error: Channel closing: too late to send/recv, messages will be lost

]]></system-err>
  </testcase>
  <testcase name="In order to search an item on ecom application, the search bar should be displayed" classname="Login page features" time="28.555"/>
  <testcase name="Under the my account section in the footer, the various option are displayed" classname="Login page features" time="22.825"/>
</testsuite>