<?xml version="1.0" encoding="UTF-8"?>
<testsuite xmlns:xsi="http://www.w3.org/2001/XMLSchema-instance" xsi:noNamespaceSchemaLocation="https://maven.apache.org/surefire/maven-failsafe-plugin/xsd/failsafe-test-report-3.0.xsd" version="3.0" name="Login page features" time="121.916" tests="5" errors="0" skipped="0" failures="0">
  <properties>
[...]
</properties>
  <testcase name="To check the page title is displayed correctly" classname="Login page features" time="34.619"/>
  <testcase name="In case the user forgets the password, the user can recall the password using the" classname="Login page features" time="25.203"/>
  <testcase name="To check that the user is able to log into the application using the valid credentials" classname="Login page features" time="24.238"/>
  <testcase name="In order to search an item on ecom application, the search bar should be displayed" classname="Login page features" time="18.347"/>
  <testcase name="Under the my account section in the footer, the various option are displayed" classname="Login page features" time="19.508"/>
</testsuite>